. version 9

. bsqreg price mpg headroom, reps(100)
(fitting base model)

Bootstrap replications (100)
----+--- 1 ---+--- 2 ---+--- 3 ---+--- 4 ---+--- 5 
..................................................    50
..................................................   100

Median regression, bootstrap(100) SEs               Number of obs =         74
  Raw sum of deviations  71102.5 (about 4934)
  Min sum of deviations 64549.83                    Pseudo R2     =     0.0922

------------------------------------------------------------------------------
       price |      Coef.   Std. Err.      t    P&gt;|t|     [95% Conf. Interval]
-------------+----------------------------------------------------------------
         mpg |  -127.3333   64.37143    -1.98   0.052    -255.6863    1.019661
    headroom |  -130.6667   268.1515    -0.49   0.628    -665.3457    404.0123
       _cons |   8272.333   2165.832     3.82   0.000     3953.787    12590.88
------------------------------------------------------------------------------

. grqreg, cons ci ols olsci title(Fig.1a Fig.1b Fig.1c)

std error of grqreg will not be the same as one reported after estimation. Please use the 
&gt; seed option of grqreg.
