. version 9

. sqreg price weight length foreign, quantile(.25 .5 .75) reps(100)
(fitting base model)

Bootstrap replications (100)
----+--- 1 ---+--- 2 ---+--- 3 ---+--- 4 ---+--- 5 
..................................................    50
..................................................   100

Simultaneous quantile regression                    Number of obs =         74
  bootstrap(100) SEs                                .25 Pseudo R2 =     0.1697
                                                    .50 Pseudo R2 =     0.2347
                                                    .75 Pseudo R2 =     0.3840

------------------------------------------------------------------------------
             |              Bootstrap
       price |      Coef.   Std. Err.      t    P&gt;|t|     [95% Conf. Interval]
-------------+----------------------------------------------------------------
q25          |
      weight |   1.831789   1.368944     1.34   0.185    -.8984846    4.562062
      length |    2.84556   28.84499     0.10   0.922    -54.68396    60.37508
     foreign |   2209.925   992.3935     2.23   0.029     230.6589    4189.192
       _cons |  -1879.775   2804.829    -0.67   0.505     -7473.83    3714.281
-------------+----------------------------------------------------------------
q50          |
      weight |   3.933588   2.718706     1.45   0.152      -1.4887    9.355876
      length |  -41.25191   69.46919    -0.59   0.555    -179.8038    97.30003
     foreign |   3377.771   1155.879     2.92   0.005     1072.443    5683.099
       _cons |   344.6489   5758.657     0.06   0.952    -11140.63    11829.93
-------------+----------------------------------------------------------------
q75          |
      weight |    9.22291   2.363416     3.90   0.000     4.509226    13.93659
      length |  -220.7833   80.89277    -2.73   0.008    -382.1188   -59.44774
     foreign |   3595.133   1181.479     3.04   0.003     1238.747    5951.519
       _cons |    20242.9   8957.372     2.26   0.027     2377.989    38107.82
------------------------------------------------------------------------------

. grqreg, ci ols olsci title(Fig.1a Fig.1b Fig.1c)

std error of grqreg will not be the same as one reported after estimation. Please use the 
&gt; seed option of grqreg.
Only coefficients .25.5.75 will be plotted.
