. version 9

. sqreg price weight length foreign, quantile(.2 .4 .6 .8) reps(100)
(fitting base model)

Bootstrap replications (100)
----+--- 1 ---+--- 2 ---+--- 3 ---+--- 4 ---+--- 5 
..................................................    50
..................................................   100

Simultaneous quantile regression                    Number of obs =         74
  bootstrap(100) SEs                                .20 Pseudo R2 =     0.1507
                                                    .40 Pseudo R2 =     0.2089
                                                    .60 Pseudo R2 =     0.2692
                                                    .80 Pseudo R2 =     0.4425

------------------------------------------------------------------------------
             |              Bootstrap
       price |      Coef.   Std. Err.      t    P&gt;|t|     [95% Conf. Interval]
-------------+----------------------------------------------------------------
q20          |
      weight |   1.843421   1.055356     1.75   0.085    -.2614211    3.948263
      length |  -10.79474   21.99454    -0.49   0.625    -54.66146    33.07199
     foreign |   1666.437   958.6592     1.74   0.087    -245.5486    3578.422
       _cons |   441.0289   2663.243     0.17   0.869    -4870.641    5752.699
-------------+----------------------------------------------------------------
q40          |
      weight |   1.893098   2.372783     0.80   0.428    -2.839269    6.625464
      length |   7.228114    58.5159     0.12   0.902    -109.4782    123.9344
     foreign |   2676.242    1037.78     2.58   0.012     606.4553    4746.028
       _cons |  -2753.278   4466.547    -0.62   0.540    -11661.52    6154.969
-------------+----------------------------------------------------------------
q60          |
      weight |   5.975028   2.965998     2.01   0.048     .0595326    11.89052
      length |  -100.1002   83.91236    -1.19   0.237    -267.4581    67.25775
     foreign |   3730.962   1236.752     3.02   0.004     1264.337    6197.587
       _cons |   5901.206   7883.994     0.75   0.457    -9822.924    21625.34
-------------+----------------------------------------------------------------
q80          |
      weight |   8.906373   1.965148     4.53   0.000     4.987009    12.82574
      length |  -211.7601   66.14028    -3.20   0.002    -343.6727   -79.84744
     foreign |   3995.263   1034.912     3.86   0.000     1931.197     6059.33
       _cons |   19619.38   7098.527     2.76   0.007     5461.817    33776.95
------------------------------------------------------------------------------

. grqreg, cons

std error of grqreg will not be the same as one reported after estimation. Please use the 
&gt; seed option of grqreg.
Only coefficients .2.4.6.8 will be plotted.
